<?xml version="1.0" encoding="UTF-8"?>
<!-- Generated by org.testng.reporters.JUnitReportReporter -->
<testsuite hostname="LAPTOP-58598IPQ" name="DynamicJson" tests="3" failures="0" timestamp="29 Apr 2020 11:14:59 GMT" time="4.411" errors="0">
  <testcase name="addBook" time="0.385" classname="DynamicJson"/>
  <testcase name="addBook" time="0.273" classname="DynamicJson"/>
  <testcase name="addBook" time="3.753" classname="DynamicJson"/>
</testsuite> <!-- DynamicJson -->
