<?xml version="1.0" encoding="UTF-8"?>
<!-- Generated by org.testng.reporters.JUnitReportReporter -->
<testsuite hostname="LAPTOP-58598IPQ" name="StaticJson" tests="1" failures="0" timestamp="29 Apr 2020 11:17:40 GMT" time="3.166" errors="0">
  <testcase name="addBook" time="3.166" classname="StaticJson"/>
</testsuite> <!-- StaticJson -->
