<?xml version="1.0" encoding="UTF-8"?>
<!-- Generated by org.testng.reporters.JUnitReportReporter -->
<testsuite hostname="LAPTOP-58598IPQ" name="SumValidation" tests="1" failures="0" timestamp="28 Apr 2020 16:48:48 GMT" time="4.577" errors="0">
  <testcase name="sumOfCourses" time="4.577" classname="SumValidation"/>
</testsuite> <!-- SumValidation -->
